::1 - - [Tue, 29 Aug 2017 09:43:14 GMT] "GET / HTTP/1.1" 304 - "http://localhost:3000/u/ceshi/2017-829/1" "Mozilla/5.0 (Windows NT 6.1; WOW64) AppleWebKit/537.36 (KHTML, like Gecko) Chrome/60.0.3112.78 Safari/537.36"
::1 - - [Tue, 29 Aug 2017 09:43:14 GMT] "GET /stylesheets/style.css HTTP/1.1" 304 - "http://localhost:3000/" "Mozilla/5.0 (Windows NT 6.1; WOW64) AppleWebKit/537.36 (KHTML, like Gecko) Chrome/60.0.3112.78 Safari/537.36"
::1 - - [Tue, 29 Aug 2017 09:43:16 GMT] "GET /post HTTP/1.1" 200 1125 "http://localhost:3000/" "Mozilla/5.0 (Windows NT 6.1; WOW64) AppleWebKit/537.36 (KHTML, like Gecko) Chrome/60.0.3112.78 Safari/537.36"
::1 - - [Tue, 29 Aug 2017 09:43:16 GMT] "GET /stylesheets/style.css HTTP/1.1" 304 - "http://localhost:3000/post" "Mozilla/5.0 (Windows NT 6.1; WOW64) AppleWebKit/537.36 (KHTML, like Gecko) Chrome/60.0.3112.78 Safari/537.36"
::1 - - [Tue, 29 Aug 2017 09:43:20 GMT] "POST /post HTTP/1.1" 302 46 "http://localhost:3000/post" "Mozilla/5.0 (Windows NT 6.1; WOW64) AppleWebKit/537.36 (KHTML, like Gecko) Chrome/60.0.3112.78 Safari/537.36"
::1 - - [Tue, 29 Aug 2017 09:43:20 GMT] "GET / HTTP/1.1" 200 1252 "http://localhost:3000/post" "Mozilla/5.0 (Windows NT 6.1; WOW64) AppleWebKit/537.36 (KHTML, like Gecko) Chrome/60.0.3112.78 Safari/537.36"
::1 - - [Tue, 29 Aug 2017 09:43:20 GMT] "GET /stylesheets/style.css HTTP/1.1" 304 - "http://localhost:3000/" "Mozilla/5.0 (Windows NT 6.1; WOW64) AppleWebKit/537.36 (KHTML, like Gecko) Chrome/60.0.3112.78 Safari/537.36"
::1 - - [Tue, 29 Aug 2017 09:43:22 GMT] "GET /u/ljy/2017-829/1 HTTP/1.1" 200 1618 "http://localhost:3000/" "Mozilla/5.0 (Windows NT 6.1; WOW64) AppleWebKit/537.36 (KHTML, like Gecko) Chrome/60.0.3112.78 Safari/537.36"
::1 - - [Tue, 29 Aug 2017 09:43:22 GMT] "GET /stylesheets/style.css HTTP/1.1" 304 - "http://localhost:3000/u/ljy/2017-829/1" "Mozilla/5.0 (Windows NT 6.1; WOW64) AppleWebKit/537.36 (KHTML, like Gecko) Chrome/60.0.3112.78 Safari/537.36"
::1 - - [Tue, 29 Aug 2017 09:43:24 GMT] "GET /post HTTP/1.1" 200 1125 "http://localhost:3000/u/ljy/2017-829/1" "Mozilla/5.0 (Windows NT 6.1; WOW64) AppleWebKit/537.36 (KHTML, like Gecko) Chrome/60.0.3112.78 Safari/537.36"
::1 - - [Tue, 29 Aug 2017 09:43:24 GMT] "GET /stylesheets/style.css HTTP/1.1" 304 - "http://localhost:3000/post" "Mozilla/5.0 (Windows NT 6.1; WOW64) AppleWebKit/537.36 (KHTML, like Gecko) Chrome/60.0.3112.78 Safari/537.36"
::1 - - [Tue, 29 Aug 2017 09:43:26 GMT] "GET /logout HTTP/1.1" 302 46 "http://localhost:3000/post" "Mozilla/5.0 (Windows NT 6.1; WOW64) AppleWebKit/537.36 (KHTML, like Gecko) Chrome/60.0.3112.78 Safari/537.36"
::1 - - [Tue, 29 Aug 2017 09:43:26 GMT] "GET / HTTP/1.1" 200 1189 "http://localhost:3000/post" "Mozilla/5.0 (Windows NT 6.1; WOW64) AppleWebKit/537.36 (KHTML, like Gecko) Chrome/60.0.3112.78 Safari/537.36"
::1 - - [Tue, 29 Aug 2017 09:43:26 GMT] "GET /stylesheets/style.css HTTP/1.1" 304 - "http://localhost:3000/" "Mozilla/5.0 (Windows NT 6.1; WOW64) AppleWebKit/537.36 (KHTML, like Gecko) Chrome/60.0.3112.78 Safari/537.36"
::1 - - [Tue, 29 Aug 2017 09:43:32 GMT] "GET /u/ljy/2017-829/1 HTTP/1.1" 200 1376 "http://localhost:3000/" "Mozilla/5.0 (Windows NT 6.1; WOW64) AppleWebKit/537.36 (KHTML, like Gecko) Chrome/60.0.3112.78 Safari/537.36"
::1 - - [Tue, 29 Aug 2017 09:43:32 GMT] "GET /stylesheets/style.css HTTP/1.1" 304 - "http://localhost:3000/u/ljy/2017-829/1" "Mozilla/5.0 (Windows NT 6.1; WOW64) AppleWebKit/537.36 (KHTML, like Gecko) Chrome/60.0.3112.78 Safari/537.36"
::1 - - [Tue, 29 Aug 2017 09:43:33 GMT] "GET /u/ljy HTTP/1.1" 200 1203 "http://localhost:3000/u/ljy/2017-829/1" "Mozilla/5.0 (Windows NT 6.1; WOW64) AppleWebKit/537.36 (KHTML, like Gecko) Chrome/60.0.3112.78 Safari/537.36"
::1 - - [Tue, 29 Aug 2017 09:43:33 GMT] "GET /stylesheets/style.css HTTP/1.1" 304 - "http://localhost:3000/u/ljy" "Mozilla/5.0 (Windows NT 6.1; WOW64) AppleWebKit/537.36 (KHTML, like Gecko) Chrome/60.0.3112.78 Safari/537.36"
::1 - - [Tue, 29 Aug 2017 09:44:23 GMT] "GET /u/ljy HTTP/1.1" 200 1229 "http://localhost:3000/u/ljy/2017-829/1" "Mozilla/5.0 (Windows NT 6.1; WOW64) AppleWebKit/537.36 (KHTML, like Gecko) Chrome/60.0.3112.78 Safari/537.36"
::1 - - [Tue, 29 Aug 2017 09:44:23 GMT] "GET /stylesheets/style.css HTTP/1.1" 304 - "http://localhost:3000/u/ljy" "Mozilla/5.0 (Windows NT 6.1; WOW64) AppleWebKit/537.36 (KHTML, like Gecko) Chrome/60.0.3112.78 Safari/537.36"
::1 - - [Tue, 29 Aug 2017 09:44:25 GMT] "GET /reg HTTP/1.1" 200 1045 "http://localhost:3000/u/ljy" "Mozilla/5.0 (Windows NT 6.1; WOW64) AppleWebKit/537.36 (KHTML, like Gecko) Chrome/60.0.3112.78 Safari/537.36"
::1 - - [Tue, 29 Aug 2017 09:44:25 GMT] "GET /stylesheets/style.css HTTP/1.1" 304 - "http://localhost:3000/reg" "Mozilla/5.0 (Windows NT 6.1; WOW64) AppleWebKit/537.36 (KHTML, like Gecko) Chrome/60.0.3112.78 Safari/537.36"
::1 - - [Tue, 29 Aug 2017 09:44:27 GMT] "GET /login HTTP/1.1" 200 915 "http://localhost:3000/reg" "Mozilla/5.0 (Windows NT 6.1; WOW64) AppleWebKit/537.36 (KHTML, like Gecko) Chrome/60.0.3112.78 Safari/537.36"
::1 - - [Tue, 29 Aug 2017 09:44:27 GMT] "GET /stylesheets/style.css HTTP/1.1" 304 - "http://localhost:3000/login" "Mozilla/5.0 (Windows NT 6.1; WOW64) AppleWebKit/537.36 (KHTML, like Gecko) Chrome/60.0.3112.78 Safari/537.36"
::1 - - [Tue, 29 Aug 2017 09:44:33 GMT] "POST /login HTTP/1.1" 302 46 "http://localhost:3000/login" "Mozilla/5.0 (Windows NT 6.1; WOW64) AppleWebKit/537.36 (KHTML, like Gecko) Chrome/60.0.3112.78 Safari/537.36"
::1 - - [Tue, 29 Aug 2017 09:44:33 GMT] "GET / HTTP/1.1" 200 1274 "http://localhost:3000/login" "Mozilla/5.0 (Windows NT 6.1; WOW64) AppleWebKit/537.36 (KHTML, like Gecko) Chrome/60.0.3112.78 Safari/537.36"
::1 - - [Tue, 29 Aug 2017 09:44:33 GMT] "GET /stylesheets/style.css HTTP/1.1" 304 - "http://localhost:3000/" "Mozilla/5.0 (Windows NT 6.1; WOW64) AppleWebKit/537.36 (KHTML, like Gecko) Chrome/60.0.3112.78 Safari/537.36"
::1 - - [Tue, 29 Aug 2017 09:44:34 GMT] "GET /u/ljy/2017-829/1 HTTP/1.1" 200 1556 "http://localhost:3000/" "Mozilla/5.0 (Windows NT 6.1; WOW64) AppleWebKit/537.36 (KHTML, like Gecko) Chrome/60.0.3112.78 Safari/537.36"
::1 - - [Tue, 29 Aug 2017 09:44:34 GMT] "GET /stylesheets/style.css HTTP/1.1" 304 - "http://localhost:3000/u/ljy/2017-829/1" "Mozilla/5.0 (Windows NT 6.1; WOW64) AppleWebKit/537.36 (KHTML, like Gecko) Chrome/60.0.3112.78 Safari/537.36"
::1 - - [Tue, 29 Aug 2017 09:44:37 GMT] "GET /reprint/ljy/2017-829/1 HTTP/1.1" 302 46 "http://localhost:3000/u/ljy/2017-829/1" "Mozilla/5.0 (Windows NT 6.1; WOW64) AppleWebKit/537.36 (KHTML, like Gecko) Chrome/60.0.3112.78 Safari/537.36"
::1 - - [Tue, 29 Aug 2017 09:44:37 GMT] "GET / HTTP/1.1" 200 2597 "http://localhost:3000/u/ljy/2017-829/1" "Mozilla/5.0 (Windows NT 6.1; WOW64) AppleWebKit/537.36 (KHTML, like Gecko) Chrome/60.0.3112.78 Safari/537.36"
::1 - - [Tue, 29 Aug 2017 09:44:37 GMT] "GET /stylesheets/style.css HTTP/1.1" 304 - "http://localhost:3000/" "Mozilla/5.0 (Windows NT 6.1; WOW64) AppleWebKit/537.36 (KHTML, like Gecko) Chrome/60.0.3112.78 Safari/537.36"
::1 - - [Tue, 29 Aug 2017 09:45:46 GMT] "GET / HTTP/1.1" 200 830 "http://localhost:3000/u/ljy/2017-829/1" "Mozilla/5.0 (Windows NT 6.1; WOW64) AppleWebKit/537.36 (KHTML, like Gecko) Chrome/60.0.3112.78 Safari/537.36"
::1 - - [Tue, 29 Aug 2017 09:45:46 GMT] "GET /stylesheets/style.css HTTP/1.1" 304 - "http://localhost:3000/" "Mozilla/5.0 (Windows NT 6.1; WOW64) AppleWebKit/537.36 (KHTML, like Gecko) Chrome/60.0.3112.78 Safari/537.36"
::1 - - [Tue, 29 Aug 2017 09:45:48 GMT] "GET /post HTTP/1.1" 304 - "http://localhost:3000/" "Mozilla/5.0 (Windows NT 6.1; WOW64) AppleWebKit/537.36 (KHTML, like Gecko) Chrome/60.0.3112.78 Safari/537.36"
::1 - - [Tue, 29 Aug 2017 09:45:48 GMT] "GET /stylesheets/style.css HTTP/1.1" 304 - "http://localhost:3000/post" "Mozilla/5.0 (Windows NT 6.1; WOW64) AppleWebKit/537.36 (KHTML, like Gecko) Chrome/60.0.3112.78 Safari/537.36"
::1 - - [Tue, 29 Aug 2017 09:45:52 GMT] "POST /post HTTP/1.1" 302 46 "http://localhost:3000/post" "Mozilla/5.0 (Windows NT 6.1; WOW64) AppleWebKit/537.36 (KHTML, like Gecko) Chrome/60.0.3112.78 Safari/537.36"
::1 - - [Tue, 29 Aug 2017 09:45:52 GMT] "GET / HTTP/1.1" 200 1284 "http://localhost:3000/post" "Mozilla/5.0 (Windows NT 6.1; WOW64) AppleWebKit/537.36 (KHTML, like Gecko) Chrome/60.0.3112.78 Safari/537.36"
::1 - - [Tue, 29 Aug 2017 09:45:52 GMT] "GET /stylesheets/style.css HTTP/1.1" 304 - "http://localhost:3000/" "Mozilla/5.0 (Windows NT 6.1; WOW64) AppleWebKit/537.36 (KHTML, like Gecko) Chrome/60.0.3112.78 Safari/537.36"
::1 - - [Tue, 29 Aug 2017 09:45:54 GMT] "GET /logout HTTP/1.1" 302 46 "http://localhost:3000/" "Mozilla/5.0 (Windows NT 6.1; WOW64) AppleWebKit/537.36 (KHTML, like Gecko) Chrome/60.0.3112.78 Safari/537.36"
::1 - - [Tue, 29 Aug 2017 09:45:54 GMT] "GET / HTTP/1.1" 200 1221 "http://localhost:3000/" "Mozilla/5.0 (Windows NT 6.1; WOW64) AppleWebKit/537.36 (KHTML, like Gecko) Chrome/60.0.3112.78 Safari/537.36"
::1 - - [Tue, 29 Aug 2017 09:45:54 GMT] "GET /stylesheets/style.css HTTP/1.1" 304 - "http://localhost:3000/" "Mozilla/5.0 (Windows NT 6.1; WOW64) AppleWebKit/537.36 (KHTML, like Gecko) Chrome/60.0.3112.78 Safari/537.36"
::1 - - [Tue, 29 Aug 2017 09:45:55 GMT] "GET /login HTTP/1.1" 200 915 "http://localhost:3000/" "Mozilla/5.0 (Windows NT 6.1; WOW64) AppleWebKit/537.36 (KHTML, like Gecko) Chrome/60.0.3112.78 Safari/537.36"
::1 - - [Tue, 29 Aug 2017 09:45:55 GMT] "GET /stylesheets/style.css HTTP/1.1" 304 - "http://localhost:3000/login" "Mozilla/5.0 (Windows NT 6.1; WOW64) AppleWebKit/537.36 (KHTML, like Gecko) Chrome/60.0.3112.78 Safari/537.36"
::1 - - [Tue, 29 Aug 2017 09:45:58 GMT] "POST /login HTTP/1.1" 302 46 "http://localhost:3000/login" "Mozilla/5.0 (Windows NT 6.1; WOW64) AppleWebKit/537.36 (KHTML, like Gecko) Chrome/60.0.3112.78 Safari/537.36"
::1 - - [Tue, 29 Aug 2017 09:45:58 GMT] "GET / HTTP/1.1" 200 1282 "http://localhost:3000/login" "Mozilla/5.0 (Windows NT 6.1; WOW64) AppleWebKit/537.36 (KHTML, like Gecko) Chrome/60.0.3112.78 Safari/537.36"
::1 - - [Tue, 29 Aug 2017 09:45:58 GMT] "GET /stylesheets/style.css HTTP/1.1" 304 - "http://localhost:3000/" "Mozilla/5.0 (Windows NT 6.1; WOW64) AppleWebKit/537.36 (KHTML, like Gecko) Chrome/60.0.3112.78 Safari/537.36"
::1 - - [Tue, 29 Aug 2017 09:46:03 GMT] "GET /stylesheets/style.css HTTP/1.1" 304 - "http://localhost:3000/u/ceshi/2017-829/1" "Mozilla/5.0 (Windows NT 6.1; WOW64) AppleWebKit/537.36 (KHTML, like Gecko) Chrome/60.0.3112.78 Safari/537.36"
::1 - - [Tue, 29 Aug 2017 09:46:03 GMT] "GET /u/ceshi/2017-829/1 HTTP/1.1" 200 1558 "http://localhost:3000/" "Mozilla/5.0 (Windows NT 6.1; WOW64) AppleWebKit/537.36 (KHTML, like Gecko) Chrome/60.0.3112.78 Safari/537.36"
::1 - - [Tue, 29 Aug 2017 09:46:04 GMT] "GET /reprint/ceshi/2017-829/1 HTTP/1.1" 302 46 "http://localhost:3000/u/ceshi/2017-829/1" "Mozilla/5.0 (Windows NT 6.1; WOW64) AppleWebKit/537.36 (KHTML, like Gecko) Chrome/60.0.3112.78 Safari/537.36"
::1 - - [Tue, 29 Aug 2017 09:46:04 GMT] "GET / HTTP/1.1" 200 2599 "http://localhost:3000/u/ceshi/2017-829/1" "Mozilla/5.0 (Windows NT 6.1; WOW64) AppleWebKit/537.36 (KHTML, like Gecko) Chrome/60.0.3112.78 Safari/537.36"
::1 - - [Tue, 29 Aug 2017 09:46:04 GMT] "GET /stylesheets/style.css HTTP/1.1" 304 - "http://localhost:3000/" "Mozilla/5.0 (Windows NT 6.1; WOW64) AppleWebKit/537.36 (KHTML, like Gecko) Chrome/60.0.3112.78 Safari/537.36"
::1 - - [Tue, 29 Aug 2017 09:52:01 GMT] "GET / HTTP/1.1" 200 1771 "http://localhost:3000/u/ceshi/2017-829/1" "Mozilla/5.0 (Windows NT 6.1; WOW64) AppleWebKit/537.36 (KHTML, like Gecko) Chrome/60.0.3112.78 Safari/537.36"
::1 - - [Tue, 29 Aug 2017 09:52:01 GMT] "GET /stylesheets/style.css HTTP/1.1" 304 - "http://localhost:3000/" "Mozilla/5.0 (Windows NT 6.1; WOW64) AppleWebKit/537.36 (KHTML, like Gecko) Chrome/60.0.3112.78 Safari/537.36"
::1 - - [Tue, 29 Aug 2017 09:52:18 GMT] "GET / HTTP/1.1" 200 830 "http://localhost:3000/u/ceshi/2017-829/1" "Mozilla/5.0 (Windows NT 6.1; WOW64) AppleWebKit/537.36 (KHTML, like Gecko) Chrome/60.0.3112.78 Safari/537.36"
::1 - - [Tue, 29 Aug 2017 09:52:18 GMT] "GET /stylesheets/style.css HTTP/1.1" 304 - "http://localhost:3000/" "Mozilla/5.0 (Windows NT 6.1; WOW64) AppleWebKit/537.36 (KHTML, like Gecko) Chrome/60.0.3112.78 Safari/537.36"
::ffff:127.0.0.1 - - [Tue, 29 Aug 2017 09:52:38 GMT] "GET /post HTTP/1.1" 200 1125 "-" "Mozilla/5.0 (Windows NT 6.1; WOW64) AppleWebKit/537.36 (KHTML, like Gecko) Chrome/60.0.3112.78 Safari/537.36"
::ffff:127.0.0.1 - - [Tue, 29 Aug 2017 09:52:38 GMT] "GET /stylesheets/style.css HTTP/1.1" 304 - "http://localhost:3000/post" "Mozilla/5.0 (Windows NT 6.1; WOW64) AppleWebKit/537.36 (KHTML, like Gecko) Chrome/60.0.3112.78 Safari/537.36"
::ffff:127.0.0.1 - - [Tue, 29 Aug 2017 09:52:42 GMT] "POST /post HTTP/1.1" 302 46 "http://localhost:3000/post" "Mozilla/5.0 (Windows NT 6.1; WOW64) AppleWebKit/537.36 (KHTML, like Gecko) Chrome/60.0.3112.78 Safari/537.36"
::ffff:127.0.0.1 - - [Tue, 29 Aug 2017 09:52:42 GMT] "GET / HTTP/1.1" 200 1276 "http://localhost:3000/post" "Mozilla/5.0 (Windows NT 6.1; WOW64) AppleWebKit/537.36 (KHTML, like Gecko) Chrome/60.0.3112.78 Safari/537.36"
::ffff:127.0.0.1 - - [Tue, 29 Aug 2017 09:52:42 GMT] "GET /stylesheets/style.css HTTP/1.1" 304 - "http://localhost:3000/" "Mozilla/5.0 (Windows NT 6.1; WOW64) AppleWebKit/537.36 (KHTML, like Gecko) Chrome/60.0.3112.78 Safari/537.36"
::ffff:127.0.0.1 - - [Tue, 29 Aug 2017 09:52:43 GMT] "GET /logout HTTP/1.1" 302 46 "http://localhost:3000/" "Mozilla/5.0 (Windows NT 6.1; WOW64) AppleWebKit/537.36 (KHTML, like Gecko) Chrome/60.0.3112.78 Safari/537.36"
::ffff:127.0.0.1 - - [Tue, 29 Aug 2017 09:52:43 GMT] "GET / HTTP/1.1" 200 1213 "http://localhost:3000/" "Mozilla/5.0 (Windows NT 6.1; WOW64) AppleWebKit/537.36 (KHTML, like Gecko) Chrome/60.0.3112.78 Safari/537.36"
::ffff:127.0.0.1 - - [Tue, 29 Aug 2017 09:52:43 GMT] "GET /stylesheets/style.css HTTP/1.1" 304 - "http://localhost:3000/" "Mozilla/5.0 (Windows NT 6.1; WOW64) AppleWebKit/537.36 (KHTML, like Gecko) Chrome/60.0.3112.78 Safari/537.36"
::ffff:127.0.0.1 - - [Tue, 29 Aug 2017 09:52:45 GMT] "GET /login HTTP/1.1" 200 915 "http://localhost:3000/" "Mozilla/5.0 (Windows NT 6.1; WOW64) AppleWebKit/537.36 (KHTML, like Gecko) Chrome/60.0.3112.78 Safari/537.36"
::ffff:127.0.0.1 - - [Tue, 29 Aug 2017 09:52:45 GMT] "GET /stylesheets/style.css HTTP/1.1" 304 - "http://localhost:3000/login" "Mozilla/5.0 (Windows NT 6.1; WOW64) AppleWebKit/537.36 (KHTML, like Gecko) Chrome/60.0.3112.78 Safari/537.36"
::ffff:127.0.0.1 - - [Tue, 29 Aug 2017 09:52:49 GMT] "POST /login HTTP/1.1" 302 46 "http://localhost:3000/login" "Mozilla/5.0 (Windows NT 6.1; WOW64) AppleWebKit/537.36 (KHTML, like Gecko) Chrome/60.0.3112.78 Safari/537.36"
::ffff:127.0.0.1 - - [Tue, 29 Aug 2017 09:52:49 GMT] "GET / HTTP/1.1" 200 1274 "http://localhost:3000/login" "Mozilla/5.0 (Windows NT 6.1; WOW64) AppleWebKit/537.36 (KHTML, like Gecko) Chrome/60.0.3112.78 Safari/537.36"
::ffff:127.0.0.1 - - [Tue, 29 Aug 2017 09:52:49 GMT] "GET /stylesheets/style.css HTTP/1.1" 304 - "http://localhost:3000/" "Mozilla/5.0 (Windows NT 6.1; WOW64) AppleWebKit/537.36 (KHTML, like Gecko) Chrome/60.0.3112.78 Safari/537.36"
::ffff:127.0.0.1 - - [Tue, 29 Aug 2017 09:52:51 GMT] "GET /u/ljy HTTP/1.1" 200 1289 "http://localhost:3000/" "Mozilla/5.0 (Windows NT 6.1; WOW64) AppleWebKit/537.36 (KHTML, like Gecko) Chrome/60.0.3112.78 Safari/537.36"
::ffff:127.0.0.1 - - [Tue, 29 Aug 2017 09:52:51 GMT] "GET /stylesheets/style.css HTTP/1.1" 304 - "http://localhost:3000/u/ljy" "Mozilla/5.0 (Windows NT 6.1; WOW64) AppleWebKit/537.36 (KHTML, like Gecko) Chrome/60.0.3112.78 Safari/537.36"
::ffff:127.0.0.1 - - [Tue, 29 Aug 2017 09:52:53 GMT] "GET /u/ljy/2017-829/1 HTTP/1.1" 200 1556 "http://localhost:3000/u/ljy" "Mozilla/5.0 (Windows NT 6.1; WOW64) AppleWebKit/537.36 (KHTML, like Gecko) Chrome/60.0.3112.78 Safari/537.36"
::ffff:127.0.0.1 - - [Tue, 29 Aug 2017 09:52:53 GMT] "GET /stylesheets/style.css HTTP/1.1" 304 - "http://localhost:3000/u/ljy/2017-829/1" "Mozilla/5.0 (Windows NT 6.1; WOW64) AppleWebKit/537.36 (KHTML, like Gecko) Chrome/60.0.3112.78 Safari/537.36"
::ffff:127.0.0.1 - - [Tue, 29 Aug 2017 09:52:54 GMT] "GET /reprint/ljy/2017-829/1 HTTP/1.1" 302 50 "http://localhost:3000/u/ljy/2017-829/1" "Mozilla/5.0 (Windows NT 6.1; WOW64) AppleWebKit/537.36 (KHTML, like Gecko) Chrome/60.0.3112.78 Safari/537.36"
::1 - - [Tue, 29 Aug 2017 09:53:27 GMT] "GET / HTTP/1.1" 200 1782 "-" "Mozilla/5.0 (Windows NT 6.1; WOW64) AppleWebKit/537.36 (KHTML, like Gecko) Chrome/60.0.3112.78 Safari/537.36"
::1 - - [Tue, 29 Aug 2017 09:53:27 GMT] "GET /stylesheets/style.css HTTP/1.1" 304 - "http://localhost:3000/" "Mozilla/5.0 (Windows NT 6.1; WOW64) AppleWebKit/537.36 (KHTML, like Gecko) Chrome/60.0.3112.78 Safari/537.36"
::1 - - [Tue, 29 Aug 2017 09:53:32 GMT] "GET /post HTTP/1.1" 200 1125 "http://localhost:3000/" "Mozilla/5.0 (Windows NT 6.1; WOW64) AppleWebKit/537.36 (KHTML, like Gecko) Chrome/60.0.3112.78 Safari/537.36"
::1 - - [Tue, 29 Aug 2017 09:53:32 GMT] "GET /stylesheets/style.css HTTP/1.1" 304 - "http://localhost:3000/post" "Mozilla/5.0 (Windows NT 6.1; WOW64) AppleWebKit/537.36 (KHTML, like Gecko) Chrome/60.0.3112.78 Safari/537.36"
::1 - - [Tue, 29 Aug 2017 09:53:36 GMT] "POST /post HTTP/1.1" 302 46 "http://localhost:3000/post" "Mozilla/5.0 (Windows NT 6.1; WOW64) AppleWebKit/537.36 (KHTML, like Gecko) Chrome/60.0.3112.78 Safari/537.36"
::1 - - [Tue, 29 Aug 2017 09:53:36 GMT] "GET / HTTP/1.1" 200 1284 "http://localhost:3000/post" "Mozilla/5.0 (Windows NT 6.1; WOW64) AppleWebKit/537.36 (KHTML, like Gecko) Chrome/60.0.3112.78 Safari/537.36"
::1 - - [Tue, 29 Aug 2017 09:53:36 GMT] "GET /stylesheets/style.css HTTP/1.1" 304 - "http://localhost:3000/" "Mozilla/5.0 (Windows NT 6.1; WOW64) AppleWebKit/537.36 (KHTML, like Gecko) Chrome/60.0.3112.78 Safari/537.36"
::1 - - [Tue, 29 Aug 2017 09:53:37 GMT] "GET /logout HTTP/1.1" 302 46 "http://localhost:3000/" "Mozilla/5.0 (Windows NT 6.1; WOW64) AppleWebKit/537.36 (KHTML, like Gecko) Chrome/60.0.3112.78 Safari/537.36"
::1 - - [Tue, 29 Aug 2017 09:53:37 GMT] "GET / HTTP/1.1" 200 1221 "http://localhost:3000/" "Mozilla/5.0 (Windows NT 6.1; WOW64) AppleWebKit/537.36 (KHTML, like Gecko) Chrome/60.0.3112.78 Safari/537.36"
::1 - - [Tue, 29 Aug 2017 09:53:37 GMT] "GET /stylesheets/style.css HTTP/1.1" 304 - "http://localhost:3000/" "Mozilla/5.0 (Windows NT 6.1; WOW64) AppleWebKit/537.36 (KHTML, like Gecko) Chrome/60.0.3112.78 Safari/537.36"
::1 - - [Tue, 29 Aug 2017 09:53:39 GMT] "GET /login HTTP/1.1" 200 915 "http://localhost:3000/" "Mozilla/5.0 (Windows NT 6.1; WOW64) AppleWebKit/537.36 (KHTML, like Gecko) Chrome/60.0.3112.78 Safari/537.36"
::1 - - [Tue, 29 Aug 2017 09:53:39 GMT] "GET /stylesheets/style.css HTTP/1.1" 304 - "http://localhost:3000/login" "Mozilla/5.0 (Windows NT 6.1; WOW64) AppleWebKit/537.36 (KHTML, like Gecko) Chrome/60.0.3112.78 Safari/537.36"
::1 - - [Tue, 29 Aug 2017 09:53:42 GMT] "POST /login HTTP/1.1" 302 46 "http://localhost:3000/login" "Mozilla/5.0 (Windows NT 6.1; WOW64) AppleWebKit/537.36 (KHTML, like Gecko) Chrome/60.0.3112.78 Safari/537.36"
::1 - - [Tue, 29 Aug 2017 09:53:42 GMT] "GET / HTTP/1.1" 200 1282 "http://localhost:3000/login" "Mozilla/5.0 (Windows NT 6.1; WOW64) AppleWebKit/537.36 (KHTML, like Gecko) Chrome/60.0.3112.78 Safari/537.36"
::1 - - [Tue, 29 Aug 2017 09:53:42 GMT] "GET /stylesheets/style.css HTTP/1.1" 304 - "http://localhost:3000/" "Mozilla/5.0 (Windows NT 6.1; WOW64) AppleWebKit/537.36 (KHTML, like Gecko) Chrome/60.0.3112.78 Safari/537.36"
::1 - - [Tue, 29 Aug 2017 09:53:44 GMT] "GET /u/ceshi/2017-829/1 HTTP/1.1" 200 1558 "http://localhost:3000/" "Mozilla/5.0 (Windows NT 6.1; WOW64) AppleWebKit/537.36 (KHTML, like Gecko) Chrome/60.0.3112.78 Safari/537.36"
::1 - - [Tue, 29 Aug 2017 09:53:44 GMT] "GET /stylesheets/style.css HTTP/1.1" 304 - "http://localhost:3000/u/ceshi/2017-829/1" "Mozilla/5.0 (Windows NT 6.1; WOW64) AppleWebKit/537.36 (KHTML, like Gecko) Chrome/60.0.3112.78 Safari/537.36"
::1 - - [Tue, 29 Aug 2017 09:53:45 GMT] "GET /reprint/ceshi/2017-829/1 HTTP/1.1" 302 46 "http://localhost:3000/u/ceshi/2017-829/1" "Mozilla/5.0 (Windows NT 6.1; WOW64) AppleWebKit/537.36 (KHTML, like Gecko) Chrome/60.0.3112.78 Safari/537.36"
::1 - - [Tue, 29 Aug 2017 09:53:45 GMT] "GET / HTTP/1.1" 200 1784 "http://localhost:3000/u/ceshi/2017-829/1" "Mozilla/5.0 (Windows NT 6.1; WOW64) AppleWebKit/537.36 (KHTML, like Gecko) Chrome/60.0.3112.78 Safari/537.36"
::1 - - [Tue, 29 Aug 2017 09:53:45 GMT] "GET /stylesheets/style.css HTTP/1.1" 304 - "http://localhost:3000/" "Mozilla/5.0 (Windows NT 6.1; WOW64) AppleWebKit/537.36 (KHTML, like Gecko) Chrome/60.0.3112.78 Safari/537.36"
::1 - - [Tue, 29 Aug 2017 09:54:05 GMT] "GET /post HTTP/1.1" 200 1125 "http://localhost:3000/" "Mozilla/5.0 (Windows NT 6.1; WOW64) AppleWebKit/537.36 (KHTML, like Gecko) Chrome/60.0.3112.78 Safari/537.36"
::1 - - [Tue, 29 Aug 2017 09:54:05 GMT] "GET /stylesheets/style.css HTTP/1.1" 304 - "http://localhost:3000/post" "Mozilla/5.0 (Windows NT 6.1; WOW64) AppleWebKit/537.36 (KHTML, like Gecko) Chrome/60.0.3112.78 Safari/537.36"
::1 - - [Tue, 29 Aug 2017 09:54:09 GMT] "POST /post HTTP/1.1" 302 46 "http://localhost:3000/post" "Mozilla/5.0 (Windows NT 6.1; WOW64) AppleWebKit/537.36 (KHTML, like Gecko) Chrome/60.0.3112.78 Safari/537.36"
::1 - - [Tue, 29 Aug 2017 09:54:09 GMT] "GET / HTTP/1.1" 200 1276 "http://localhost:3000/post" "Mozilla/5.0 (Windows NT 6.1; WOW64) AppleWebKit/537.36 (KHTML, like Gecko) Chrome/60.0.3112.78 Safari/537.36"
::1 - - [Tue, 29 Aug 2017 09:54:09 GMT] "GET /stylesheets/style.css HTTP/1.1" 304 - "http://localhost:3000/" "Mozilla/5.0 (Windows NT 6.1; WOW64) AppleWebKit/537.36 (KHTML, like Gecko) Chrome/60.0.3112.78 Safari/537.36"
::1 - - [Tue, 29 Aug 2017 09:54:11 GMT] "GET /logout HTTP/1.1" 302 46 "http://localhost:3000/" "Mozilla/5.0 (Windows NT 6.1; WOW64) AppleWebKit/537.36 (KHTML, like Gecko) Chrome/60.0.3112.78 Safari/537.36"
::1 - - [Tue, 29 Aug 2017 09:54:11 GMT] "GET / HTTP/1.1" 200 1213 "http://localhost:3000/" "Mozilla/5.0 (Windows NT 6.1; WOW64) AppleWebKit/537.36 (KHTML, like Gecko) Chrome/60.0.3112.78 Safari/537.36"
::1 - - [Tue, 29 Aug 2017 09:54:11 GMT] "GET /stylesheets/style.css HTTP/1.1" 304 - "http://localhost:3000/" "Mozilla/5.0 (Windows NT 6.1; WOW64) AppleWebKit/537.36 (KHTML, like Gecko) Chrome/60.0.3112.78 Safari/537.36"
::1 - - [Tue, 29 Aug 2017 09:54:12 GMT] "GET /login HTTP/1.1" 200 915 "http://localhost:3000/" "Mozilla/5.0 (Windows NT 6.1; WOW64) AppleWebKit/537.36 (KHTML, like Gecko) Chrome/60.0.3112.78 Safari/537.36"
::1 - - [Tue, 29 Aug 2017 09:54:12 GMT] "GET /stylesheets/style.css HTTP/1.1" 304 - "http://localhost:3000/login" "Mozilla/5.0 (Windows NT 6.1; WOW64) AppleWebKit/537.36 (KHTML, like Gecko) Chrome/60.0.3112.78 Safari/537.36"
::1 - - [Tue, 29 Aug 2017 09:54:15 GMT] "POST /login HTTP/1.1" 302 46 "http://localhost:3000/login" "Mozilla/5.0 (Windows NT 6.1; WOW64) AppleWebKit/537.36 (KHTML, like Gecko) Chrome/60.0.3112.78 Safari/537.36"
::1 - - [Tue, 29 Aug 2017 09:54:15 GMT] "GET / HTTP/1.1" 200 1274 "http://localhost:3000/login" "Mozilla/5.0 (Windows NT 6.1; WOW64) AppleWebKit/537.36 (KHTML, like Gecko) Chrome/60.0.3112.78 Safari/537.36"
::1 - - [Tue, 29 Aug 2017 09:54:15 GMT] "GET /stylesheets/style.css HTTP/1.1" 304 - "http://localhost:3000/" "Mozilla/5.0 (Windows NT 6.1; WOW64) AppleWebKit/537.36 (KHTML, like Gecko) Chrome/60.0.3112.78 Safari/537.36"
::1 - - [Tue, 29 Aug 2017 09:54:17 GMT] "GET /u/ljy/2017-829/1 HTTP/1.1" 200 1556 "http://localhost:3000/" "Mozilla/5.0 (Windows NT 6.1; WOW64) AppleWebKit/537.36 (KHTML, like Gecko) Chrome/60.0.3112.78 Safari/537.36"
::1 - - [Tue, 29 Aug 2017 09:54:17 GMT] "GET /stylesheets/style.css HTTP/1.1" 304 - "http://localhost:3000/u/ljy/2017-829/1" "Mozilla/5.0 (Windows NT 6.1; WOW64) AppleWebKit/537.36 (KHTML, like Gecko) Chrome/60.0.3112.78 Safari/537.36"
::1 - - [Tue, 29 Aug 2017 09:54:18 GMT] "GET /reprint/ljy/2017-829/1 HTTP/1.1" 302 46 "http://localhost:3000/u/ljy/2017-829/1" "Mozilla/5.0 (Windows NT 6.1; WOW64) AppleWebKit/537.36 (KHTML, like Gecko) Chrome/60.0.3112.78 Safari/537.36"
::1 - - [Tue, 29 Aug 2017 09:54:18 GMT] "GET / HTTP/1.1" 200 1782 "http://localhost:3000/u/ljy/2017-829/1" "Mozilla/5.0 (Windows NT 6.1; WOW64) AppleWebKit/537.36 (KHTML, like Gecko) Chrome/60.0.3112.78 Safari/537.36"
::1 - - [Tue, 29 Aug 2017 09:54:18 GMT] "GET /stylesheets/style.css HTTP/1.1" 304 - "http://localhost:3000/" "Mozilla/5.0 (Windows NT 6.1; WOW64) AppleWebKit/537.36 (KHTML, like Gecko) Chrome/60.0.3112.78 Safari/537.36"
::1 - - [Tue, 29 Aug 2017 09:54:50 GMT] "GET /post HTTP/1.1" 200 1125 "http://localhost:3000/" "Mozilla/5.0 (Windows NT 6.1; WOW64) AppleWebKit/537.36 (KHTML, like Gecko) Chrome/60.0.3112.78 Safari/537.36"
::1 - - [Tue, 29 Aug 2017 09:54:50 GMT] "GET /stylesheets/style.css HTTP/1.1" 304 - "http://localhost:3000/post" "Mozilla/5.0 (Windows NT 6.1; WOW64) AppleWebKit/537.36 (KHTML, like Gecko) Chrome/60.0.3112.78 Safari/537.36"
::1 - - [Tue, 29 Aug 2017 09:54:53 GMT] "POST /post HTTP/1.1" 302 46 "http://localhost:3000/post" "Mozilla/5.0 (Windows NT 6.1; WOW64) AppleWebKit/537.36 (KHTML, like Gecko) Chrome/60.0.3112.78 Safari/537.36"
::1 - - [Tue, 29 Aug 2017 09:54:53 GMT] "GET / HTTP/1.1" 200 1284 "http://localhost:3000/post" "Mozilla/5.0 (Windows NT 6.1; WOW64) AppleWebKit/537.36 (KHTML, like Gecko) Chrome/60.0.3112.78 Safari/537.36"
::1 - - [Tue, 29 Aug 2017 09:54:53 GMT] "GET /stylesheets/style.css HTTP/1.1" 304 - "http://localhost:3000/" "Mozilla/5.0 (Windows NT 6.1; WOW64) AppleWebKit/537.36 (KHTML, like Gecko) Chrome/60.0.3112.78 Safari/537.36"
::1 - - [Tue, 29 Aug 2017 09:54:54 GMT] "GET /logout HTTP/1.1" 302 46 "http://localhost:3000/" "Mozilla/5.0 (Windows NT 6.1; WOW64) AppleWebKit/537.36 (KHTML, like Gecko) Chrome/60.0.3112.78 Safari/537.36"
::1 - - [Tue, 29 Aug 2017 09:54:54 GMT] "GET / HTTP/1.1" 200 1221 "http://localhost:3000/" "Mozilla/5.0 (Windows NT 6.1; WOW64) AppleWebKit/537.36 (KHTML, like Gecko) Chrome/60.0.3112.78 Safari/537.36"
::1 - - [Tue, 29 Aug 2017 09:54:54 GMT] "GET /stylesheets/style.css HTTP/1.1" 304 - "http://localhost:3000/" "Mozilla/5.0 (Windows NT 6.1; WOW64) AppleWebKit/537.36 (KHTML, like Gecko) Chrome/60.0.3112.78 Safari/537.36"
::1 - - [Tue, 29 Aug 2017 09:54:55 GMT] "GET /login HTTP/1.1" 200 915 "http://localhost:3000/" "Mozilla/5.0 (Windows NT 6.1; WOW64) AppleWebKit/537.36 (KHTML, like Gecko) Chrome/60.0.3112.78 Safari/537.36"
::1 - - [Tue, 29 Aug 2017 09:54:55 GMT] "GET /stylesheets/style.css HTTP/1.1" 304 - "http://localhost:3000/login" "Mozilla/5.0 (Windows NT 6.1; WOW64) AppleWebKit/537.36 (KHTML, like Gecko) Chrome/60.0.3112.78 Safari/537.36"
::1 - - [Tue, 29 Aug 2017 09:55:00 GMT] "POST /login HTTP/1.1" 302 46 "http://localhost:3000/login" "Mozilla/5.0 (Windows NT 6.1; WOW64) AppleWebKit/537.36 (KHTML, like Gecko) Chrome/60.0.3112.78 Safari/537.36"
::1 - - [Tue, 29 Aug 2017 09:55:00 GMT] "GET / HTTP/1.1" 200 1282 "http://localhost:3000/login" "Mozilla/5.0 (Windows NT 6.1; WOW64) AppleWebKit/537.36 (KHTML, like Gecko) Chrome/60.0.3112.78 Safari/537.36"
::1 - - [Tue, 29 Aug 2017 09:55:00 GMT] "GET /stylesheets/style.css HTTP/1.1" 304 - "http://localhost:3000/" "Mozilla/5.0 (Windows NT 6.1; WOW64) AppleWebKit/537.36 (KHTML, like Gecko) Chrome/60.0.3112.78 Safari/537.36"
::1 - - [Tue, 29 Aug 2017 09:55:01 GMT] "GET /u/ceshi/2017-829/1 HTTP/1.1" 200 1558 "http://localhost:3000/" "Mozilla/5.0 (Windows NT 6.1; WOW64) AppleWebKit/537.36 (KHTML, like Gecko) Chrome/60.0.3112.78 Safari/537.36"
::1 - - [Tue, 29 Aug 2017 09:55:01 GMT] "GET /stylesheets/style.css HTTP/1.1" 304 - "http://localhost:3000/u/ceshi/2017-829/1" "Mozilla/5.0 (Windows NT 6.1; WOW64) AppleWebKit/537.36 (KHTML, like Gecko) Chrome/60.0.3112.78 Safari/537.36"
::1 - - [Tue, 29 Aug 2017 09:55:02 GMT] "GET /reprint/ceshi/2017-829/1 HTTP/1.1" 302 46 "http://localhost:3000/u/ceshi/2017-829/1" "Mozilla/5.0 (Windows NT 6.1; WOW64) AppleWebKit/537.36 (KHTML, like Gecko) Chrome/60.0.3112.78 Safari/537.36"
::1 - - [Tue, 29 Aug 2017 09:55:02 GMT] "GET / HTTP/1.1" 200 2448 "http://localhost:3000/u/ceshi/2017-829/1" "Mozilla/5.0 (Windows NT 6.1; WOW64) AppleWebKit/537.36 (KHTML, like Gecko) Chrome/60.0.3112.78 Safari/537.36"
::1 - - [Tue, 29 Aug 2017 09:55:02 GMT] "GET /stylesheets/style.css HTTP/1.1" 304 - "http://localhost:3000/" "Mozilla/5.0 (Windows NT 6.1; WOW64) AppleWebKit/537.36 (KHTML, like Gecko) Chrome/60.0.3112.78 Safari/537.36"
::1 - - [Tue, 29 Aug 2017 09:56:26 GMT] "GET / HTTP/1.1" 200 830 "http://localhost:3000/u/ceshi/2017-829/1" "Mozilla/5.0 (Windows NT 6.1; WOW64) AppleWebKit/537.36 (KHTML, like Gecko) Chrome/60.0.3112.78 Safari/537.36"
::1 - - [Tue, 29 Aug 2017 09:56:26 GMT] "GET /stylesheets/style.css HTTP/1.1" 304 - "http://localhost:3000/" "Mozilla/5.0 (Windows NT 6.1; WOW64) AppleWebKit/537.36 (KHTML, like Gecko) Chrome/60.0.3112.78 Safari/537.36"
::1 - - [Tue, 29 Aug 2017 09:56:28 GMT] "GET /post HTTP/1.1" 200 1125 "http://localhost:3000/" "Mozilla/5.0 (Windows NT 6.1; WOW64) AppleWebKit/537.36 (KHTML, like Gecko) Chrome/60.0.3112.78 Safari/537.36"
::1 - - [Tue, 29 Aug 2017 09:56:28 GMT] "GET /stylesheets/style.css HTTP/1.1" 304 - "http://localhost:3000/post" "Mozilla/5.0 (Windows NT 6.1; WOW64) AppleWebKit/537.36 (KHTML, like Gecko) Chrome/60.0.3112.78 Safari/537.36"
::1 - - [Tue, 29 Aug 2017 09:56:31 GMT] "POST /post HTTP/1.1" 302 46 "http://localhost:3000/post" "Mozilla/5.0 (Windows NT 6.1; WOW64) AppleWebKit/537.36 (KHTML, like Gecko) Chrome/60.0.3112.78 Safari/537.36"
::1 - - [Tue, 29 Aug 2017 09:56:31 GMT] "GET / HTTP/1.1" 200 1276 "http://localhost:3000/post" "Mozilla/5.0 (Windows NT 6.1; WOW64) AppleWebKit/537.36 (KHTML, like Gecko) Chrome/60.0.3112.78 Safari/537.36"
::1 - - [Tue, 29 Aug 2017 09:56:31 GMT] "GET /stylesheets/style.css HTTP/1.1" 304 - "http://localhost:3000/" "Mozilla/5.0 (Windows NT 6.1; WOW64) AppleWebKit/537.36 (KHTML, like Gecko) Chrome/60.0.3112.78 Safari/537.36"
::1 - - [Tue, 29 Aug 2017 09:56:32 GMT] "GET /logout HTTP/1.1" 302 46 "http://localhost:3000/" "Mozilla/5.0 (Windows NT 6.1; WOW64) AppleWebKit/537.36 (KHTML, like Gecko) Chrome/60.0.3112.78 Safari/537.36"
::1 - - [Tue, 29 Aug 2017 09:56:32 GMT] "GET / HTTP/1.1" 200 1213 "http://localhost:3000/" "Mozilla/5.0 (Windows NT 6.1; WOW64) AppleWebKit/537.36 (KHTML, like Gecko) Chrome/60.0.3112.78 Safari/537.36"
::1 - - [Tue, 29 Aug 2017 09:56:32 GMT] "GET /stylesheets/style.css HTTP/1.1" 304 - "http://localhost:3000/" "Mozilla/5.0 (Windows NT 6.1; WOW64) AppleWebKit/537.36 (KHTML, like Gecko) Chrome/60.0.3112.78 Safari/537.36"
::1 - - [Tue, 29 Aug 2017 09:56:33 GMT] "GET /login HTTP/1.1" 200 915 "http://localhost:3000/" "Mozilla/5.0 (Windows NT 6.1; WOW64) AppleWebKit/537.36 (KHTML, like Gecko) Chrome/60.0.3112.78 Safari/537.36"
::1 - - [Tue, 29 Aug 2017 09:56:33 GMT] "GET /stylesheets/style.css HTTP/1.1" 304 - "http://localhost:3000/login" "Mozilla/5.0 (Windows NT 6.1; WOW64) AppleWebKit/537.36 (KHTML, like Gecko) Chrome/60.0.3112.78 Safari/537.36"
::1 - - [Tue, 29 Aug 2017 09:56:36 GMT] "POST /login HTTP/1.1" 302 46 "http://localhost:3000/login" "Mozilla/5.0 (Windows NT 6.1; WOW64) AppleWebKit/537.36 (KHTML, like Gecko) Chrome/60.0.3112.78 Safari/537.36"
::1 - - [Tue, 29 Aug 2017 09:56:37 GMT] "GET / HTTP/1.1" 200 1274 "http://localhost:3000/login" "Mozilla/5.0 (Windows NT 6.1; WOW64) AppleWebKit/537.36 (KHTML, like Gecko) Chrome/60.0.3112.78 Safari/537.36"
::1 - - [Tue, 29 Aug 2017 09:56:37 GMT] "GET /stylesheets/style.css HTTP/1.1" 304 - "http://localhost:3000/" "Mozilla/5.0 (Windows NT 6.1; WOW64) AppleWebKit/537.36 (KHTML, like Gecko) Chrome/60.0.3112.78 Safari/537.36"
::1 - - [Tue, 29 Aug 2017 09:56:39 GMT] "GET /u/ljy/2017-829/1 HTTP/1.1" 200 1556 "http://localhost:3000/" "Mozilla/5.0 (Windows NT 6.1; WOW64) AppleWebKit/537.36 (KHTML, like Gecko) Chrome/60.0.3112.78 Safari/537.36"
::1 - - [Tue, 29 Aug 2017 09:56:39 GMT] "GET /stylesheets/style.css HTTP/1.1" 304 - "http://localhost:3000/u/ljy/2017-829/1" "Mozilla/5.0 (Windows NT 6.1; WOW64) AppleWebKit/537.36 (KHTML, like Gecko) Chrome/60.0.3112.78 Safari/537.36"
::1 - - [Tue, 29 Aug 2017 09:56:40 GMT] "GET /reprint/ljy/2017-829/1 HTTP/1.1" 302 132 "http://localhost:3000/u/ljy/2017-829/1" "Mozilla/5.0 (Windows NT 6.1; WOW64) AppleWebKit/537.36 (KHTML, like Gecko) Chrome/60.0.3112.78 Safari/537.36"
::1 - - [Tue, 29 Aug 2017 09:56:40 GMT] "GET /u/ceshi/2017-8-29/%5B%E8%BD%AC%E8%BD%BD%5D1 HTTP/1.1" 200 2387 "http://localhost:3000/u/ljy/2017-829/1" "Mozilla/5.0 (Windows NT 6.1; WOW64) AppleWebKit/537.36 (KHTML, like Gecko) Chrome/60.0.3112.78 Safari/537.36"
::1 - - [Tue, 29 Aug 2017 09:56:40 GMT] "GET /stylesheets/style.css HTTP/1.1" 304 - "http://localhost:3000/u/ceshi/2017-8-29/%5B%E8%BD%AC%E8%BD%BD%5D1" "Mozilla/5.0 (Windows NT 6.1; WOW64) AppleWebKit/537.36 (KHTML, like Gecko) Chrome/60.0.3112.78 Safari/537.36"
::1 - - [Tue, 29 Aug 2017 09:57:07 GMT] "GET /post HTTP/1.1" 200 1125 "http://localhost:3000/u/ceshi/2017-8-29/%5B%E8%BD%AC%E8%BD%BD%5D1" "Mozilla/5.0 (Windows NT 6.1; WOW64) AppleWebKit/537.36 (KHTML, like Gecko) Chrome/60.0.3112.78 Safari/537.36"
::1 - - [Tue, 29 Aug 2017 09:57:07 GMT] "GET /stylesheets/style.css HTTP/1.1" 304 - "http://localhost:3000/post" "Mozilla/5.0 (Windows NT 6.1; WOW64) AppleWebKit/537.36 (KHTML, like Gecko) Chrome/60.0.3112.78 Safari/537.36"
::1 - - [Tue, 29 Aug 2017 09:57:11 GMT] "POST /post HTTP/1.1" 302 46 "http://localhost:3000/post" "Mozilla/5.0 (Windows NT 6.1; WOW64) AppleWebKit/537.36 (KHTML, like Gecko) Chrome/60.0.3112.78 Safari/537.36"
::1 - - [Tue, 29 Aug 2017 09:57:11 GMT] "GET / HTTP/1.1" 200 2223 "http://localhost:3000/post" "Mozilla/5.0 (Windows NT 6.1; WOW64) AppleWebKit/537.36 (KHTML, like Gecko) Chrome/60.0.3112.78 Safari/537.36"
::1 - - [Tue, 29 Aug 2017 09:57:11 GMT] "GET /stylesheets/style.css HTTP/1.1" 304 - "http://localhost:3000/" "Mozilla/5.0 (Windows NT 6.1; WOW64) AppleWebKit/537.36 (KHTML, like Gecko) Chrome/60.0.3112.78 Safari/537.36"
::1 - - [Tue, 29 Aug 2017 09:57:13 GMT] "GET /logout HTTP/1.1" 302 46 "http://localhost:3000/" "Mozilla/5.0 (Windows NT 6.1; WOW64) AppleWebKit/537.36 (KHTML, like Gecko) Chrome/60.0.3112.78 Safari/537.36"
::1 - - [Tue, 29 Aug 2017 09:57:13 GMT] "GET / HTTP/1.1" 200 2160 "http://localhost:3000/" "Mozilla/5.0 (Windows NT 6.1; WOW64) AppleWebKit/537.36 (KHTML, like Gecko) Chrome/60.0.3112.78 Safari/537.36"
::1 - - [Tue, 29 Aug 2017 09:57:13 GMT] "GET /stylesheets/style.css HTTP/1.1" 304 - "http://localhost:3000/" "Mozilla/5.0 (Windows NT 6.1; WOW64) AppleWebKit/537.36 (KHTML, like Gecko) Chrome/60.0.3112.78 Safari/537.36"
::1 - - [Tue, 29 Aug 2017 09:57:17 GMT] "GET /login HTTP/1.1" 200 915 "http://localhost:3000/" "Mozilla/5.0 (Windows NT 6.1; WOW64) AppleWebKit/537.36 (KHTML, like Gecko) Chrome/60.0.3112.78 Safari/537.36"
::1 - - [Tue, 29 Aug 2017 09:57:17 GMT] "GET /stylesheets/style.css HTTP/1.1" 304 - "http://localhost:3000/login" "Mozilla/5.0 (Windows NT 6.1; WOW64) AppleWebKit/537.36 (KHTML, like Gecko) Chrome/60.0.3112.78 Safari/537.36"
::1 - - [Tue, 29 Aug 2017 09:57:20 GMT] "POST /login HTTP/1.1" 302 46 "http://localhost:3000/login" "Mozilla/5.0 (Windows NT 6.1; WOW64) AppleWebKit/537.36 (KHTML, like Gecko) Chrome/60.0.3112.78 Safari/537.36"
::1 - - [Tue, 29 Aug 2017 09:57:20 GMT] "GET / HTTP/1.1" 200 2221 "http://localhost:3000/login" "Mozilla/5.0 (Windows NT 6.1; WOW64) AppleWebKit/537.36 (KHTML, like Gecko) Chrome/60.0.3112.78 Safari/537.36"
::1 - - [Tue, 29 Aug 2017 09:57:20 GMT] "GET /stylesheets/style.css HTTP/1.1" 304 - "http://localhost:3000/" "Mozilla/5.0 (Windows NT 6.1; WOW64) AppleWebKit/537.36 (KHTML, like Gecko) Chrome/60.0.3112.78 Safari/537.36"
::1 - - [Tue, 29 Aug 2017 09:57:23 GMT] "GET /u/ceshi/2017-829/2 HTTP/1.1" 200 1558 "http://localhost:3000/" "Mozilla/5.0 (Windows NT 6.1; WOW64) AppleWebKit/537.36 (KHTML, like Gecko) Chrome/60.0.3112.78 Safari/537.36"
::1 - - [Tue, 29 Aug 2017 09:57:23 GMT] "GET /stylesheets/style.css HTTP/1.1" 304 - "http://localhost:3000/u/ceshi/2017-829/2" "Mozilla/5.0 (Windows NT 6.1; WOW64) AppleWebKit/537.36 (KHTML, like Gecko) Chrome/60.0.3112.78 Safari/537.36"
::1 - - [Tue, 29 Aug 2017 09:57:25 GMT] "GET /reprint/ceshi/2017-829/2 HTTP/1.1" 302 128 "http://localhost:3000/u/ceshi/2017-829/2" "Mozilla/5.0 (Windows NT 6.1; WOW64) AppleWebKit/537.36 (KHTML, like Gecko) Chrome/60.0.3112.78 Safari/537.36"
::1 - - [Tue, 29 Aug 2017 09:57:25 GMT] "GET /u/ljy/2017-8-29/%5B%E8%BD%AC%E8%BD%BD%5D2 HTTP/1.1" 200 1713 "http://localhost:3000/u/ceshi/2017-829/2" "Mozilla/5.0 (Windows NT 6.1; WOW64) AppleWebKit/537.36 (KHTML, like Gecko) Chrome/60.0.3112.78 Safari/537.36"
::1 - - [Tue, 29 Aug 2017 09:57:25 GMT] "GET /stylesheets/style.css HTTP/1.1" 304 - "http://localhost:3000/u/ljy/2017-8-29/%5B%E8%BD%AC%E8%BD%BD%5D2" "Mozilla/5.0 (Windows NT 6.1; WOW64) AppleWebKit/537.36 (KHTML, like Gecko) Chrome/60.0.3112.78 Safari/537.36"
::1 - - [Tue, 29 Aug 2017 09:57:29 GMT] "GET /edit/ljy/2017-8-29/[%E8%BD%AC%E8%BD%BD]2 HTTP/1.1" 200 1287 "http://localhost:3000/u/ljy/2017-8-29/%5B%E8%BD%AC%E8%BD%BD%5D2" "Mozilla/5.0 (Windows NT 6.1; WOW64) AppleWebKit/537.36 (KHTML, like Gecko) Chrome/60.0.3112.78 Safari/537.36"
::1 - - [Tue, 29 Aug 2017 09:57:29 GMT] "GET /stylesheets/style.css HTTP/1.1" 304 - "http://localhost:3000/edit/ljy/2017-8-29/[%E8%BD%AC%E8%BD%BD]2" "Mozilla/5.0 (Windows NT 6.1; WOW64) AppleWebKit/537.36 (KHTML, like Gecko) Chrome/60.0.3112.78 Safari/537.36"
::1 - - [Tue, 29 Aug 2017 09:57:32 GMT] "POST /edit/ljy/2017-8-29/[%E8%BD%AC%E8%BD%BD]2 HTTP/1.1" 302 128 "http://localhost:3000/edit/ljy/2017-8-29/[%E8%BD%AC%E8%BD%BD]2" "Mozilla/5.0 (Windows NT 6.1; WOW64) AppleWebKit/537.36 (KHTML, like Gecko) Chrome/60.0.3112.78 Safari/537.36"
::1 - - [Tue, 29 Aug 2017 09:57:32 GMT] "GET /u/ljy/2017-8-29/%5B%E8%BD%AC%E8%BD%BD%5D2 HTTP/1.1" 200 1718 "http://localhost:3000/edit/ljy/2017-8-29/[%E8%BD%AC%E8%BD%BD]2" "Mozilla/5.0 (Windows NT 6.1; WOW64) AppleWebKit/537.36 (KHTML, like Gecko) Chrome/60.0.3112.78 Safari/537.36"
::1 - - [Tue, 29 Aug 2017 09:57:32 GMT] "GET /stylesheets/style.css HTTP/1.1" 304 - "http://localhost:3000/u/ljy/2017-8-29/%5B%E8%BD%AC%E8%BD%BD%5D2" "Mozilla/5.0 (Windows NT 6.1; WOW64) AppleWebKit/537.36 (KHTML, like Gecko) Chrome/60.0.3112.78 Safari/537.36"
::1 - - [Tue, 29 Aug 2017 09:57:36 GMT] "POST /u/ljy/2017-8-29/%5B%E8%BD%AC%E8%BD%BD%5D2 HTTP/1.1" 302 170 "http://localhost:3000/u/ljy/2017-8-29/%5B%E8%BD%AC%E8%BD%BD%5D2" "Mozilla/5.0 (Windows NT 6.1; WOW64) AppleWebKit/537.36 (KHTML, like Gecko) Chrome/60.0.3112.78 Safari/537.36"
::1 - - [Tue, 29 Aug 2017 09:57:36 GMT] "GET /u/ljy/2017-8-29/%5B%E8%BD%AC%E8%BD%BD%5D2 HTTP/1.1" 200 1980 "http://localhost:3000/u/ljy/2017-8-29/%5B%E8%BD%AC%E8%BD%BD%5D2" "Mozilla/5.0 (Windows NT 6.1; WOW64) AppleWebKit/537.36 (KHTML, like Gecko) Chrome/60.0.3112.78 Safari/537.36"
::1 - - [Tue, 29 Aug 2017 09:57:36 GMT] "GET /stylesheets/style.css HTTP/1.1" 304 - "http://localhost:3000/u/ljy/2017-8-29/%5B%E8%BD%AC%E8%BD%BD%5D2" "Mozilla/5.0 (Windows NT 6.1; WOW64) AppleWebKit/537.36 (KHTML, like Gecko) Chrome/60.0.3112.78 Safari/537.36"
::1 - - [Tue, 29 Aug 2017 09:57:40 GMT] "GET /u/ljy HTTP/1.1" 200 1826 "http://localhost:3000/u/ljy/2017-8-29/%5B%E8%BD%AC%E8%BD%BD%5D2" "Mozilla/5.0 (Windows NT 6.1; WOW64) AppleWebKit/537.36 (KHTML, like Gecko) Chrome/60.0.3112.78 Safari/537.36"
::1 - - [Tue, 29 Aug 2017 09:57:40 GMT] "GET /stylesheets/style.css HTTP/1.1" 304 - "http://localhost:3000/u/ljy" "Mozilla/5.0 (Windows NT 6.1; WOW64) AppleWebKit/537.36 (KHTML, like Gecko) Chrome/60.0.3112.78 Safari/537.36"
::1 - - [Tue, 29 Aug 2017 09:57:42 GMT] "GET /tags/2 HTTP/1.1" 200 1062 "http://localhost:3000/u/ljy" "Mozilla/5.0 (Windows NT 6.1; WOW64) AppleWebKit/537.36 (KHTML, like Gecko) Chrome/60.0.3112.78 Safari/537.36"
::1 - - [Tue, 29 Aug 2017 09:57:42 GMT] "GET /stylesheets/style.css HTTP/1.1" 304 - "http://localhost:3000/tags/2" "Mozilla/5.0 (Windows NT 6.1; WOW64) AppleWebKit/537.36 (KHTML, like Gecko) Chrome/60.0.3112.78 Safari/537.36"
::1 - - [Tue, 29 Aug 2017 09:57:43 GMT] "GET /u/ljy/2017-8-29/[%E8%BD%AC%E8%BD%BD]2 HTTP/1.1" 200 1967 "http://localhost:3000/tags/2" "Mozilla/5.0 (Windows NT 6.1; WOW64) AppleWebKit/537.36 (KHTML, like Gecko) Chrome/60.0.3112.78 Safari/537.36"
::1 - - [Tue, 29 Aug 2017 09:57:43 GMT] "GET /stylesheets/style.css HTTP/1.1" 304 - "http://localhost:3000/u/ljy/2017-8-29/[%E8%BD%AC%E8%BD%BD]2" "Mozilla/5.0 (Windows NT 6.1; WOW64) AppleWebKit/537.36 (KHTML, like Gecko) Chrome/60.0.3112.78 Safari/537.36"
::1 - - [Tue, 29 Aug 2017 09:57:46 GMT] "GET / HTTP/1.1" 200 2715 "http://localhost:3000/u/ljy/2017-8-29/[%E8%BD%AC%E8%BD%BD]2" "Mozilla/5.0 (Windows NT 6.1; WOW64) AppleWebKit/537.36 (KHTML, like Gecko) Chrome/60.0.3112.78 Safari/537.36"
::1 - - [Tue, 29 Aug 2017 09:57:46 GMT] "GET /stylesheets/style.css HTTP/1.1" 304 - "http://localhost:3000/" "Mozilla/5.0 (Windows NT 6.1; WOW64) AppleWebKit/537.36 (KHTML, like Gecko) Chrome/60.0.3112.78 Safari/537.36"
::1 - - [Thu, 16 Nov 2017 06:42:52 GMT] "GET / HTTP/1.1" 200 2655 "-" "Mozilla/5.0 (Windows NT 6.1; WOW64) AppleWebKit/537.36 (KHTML, like Gecko) Chrome/62.0.3202.62 Safari/537.36"
::1 - - [Thu, 16 Nov 2017 06:42:52 GMT] "GET /stylesheets/style.css HTTP/1.1" 200 1923 "http://localhost:3000/" "Mozilla/5.0 (Windows NT 6.1; WOW64) AppleWebKit/537.36 (KHTML, like Gecko) Chrome/62.0.3202.62 Safari/537.36"
::1 - - [Thu, 16 Nov 2017 06:42:57 GMT] "GET /archive HTTP/1.1" 200 1187 "http://localhost:3000/" "Mozilla/5.0 (Windows NT 6.1; WOW64) AppleWebKit/537.36 (KHTML, like Gecko) Chrome/62.0.3202.62 Safari/537.36"
::1 - - [Thu, 16 Nov 2017 06:42:57 GMT] "GET /stylesheets/style.css HTTP/1.1" 304 - "http://localhost:3000/archive" "Mozilla/5.0 (Windows NT 6.1; WOW64) AppleWebKit/537.36 (KHTML, like Gecko) Chrome/62.0.3202.62 Safari/537.36"
::1 - - [Thu, 16 Nov 2017 06:42:58 GMT] "GET /tags HTTP/1.1" 200 861 "http://localhost:3000/archive" "Mozilla/5.0 (Windows NT 6.1; WOW64) AppleWebKit/537.36 (KHTML, like Gecko) Chrome/62.0.3202.62 Safari/537.36"
::1 - - [Thu, 16 Nov 2017 06:42:58 GMT] "GET /stylesheets/style.css HTTP/1.1" 304 - "http://localhost:3000/tags" "Mozilla/5.0 (Windows NT 6.1; WOW64) AppleWebKit/537.36 (KHTML, like Gecko) Chrome/62.0.3202.62 Safari/537.36"
::1 - - [Mon, 20 Nov 2017 05:35:27 GMT] "GET / HTTP/1.1" 200 2770 "-" "Mozilla/5.0 (Windows NT 6.1; WOW64) AppleWebKit/537.36 (KHTML, like Gecko) Chrome/62.0.3202.62 Safari/537.36"
::1 - - [Mon, 20 Nov 2017 05:35:27 GMT] "GET /stylesheets/style.css HTTP/1.1" 200 1998 "http://localhost:3000/" "Mozilla/5.0 (Windows NT 6.1; WOW64) AppleWebKit/537.36 (KHTML, like Gecko) Chrome/62.0.3202.62 Safari/537.36"
::1 - - [Mon, 20 Nov 2017 05:35:28 GMT] "GET /favicon.ico HTTP/1.1" 200 216 "http://localhost:3000/" "Mozilla/5.0 (Windows NT 6.1; WOW64) AppleWebKit/537.36 (KHTML, like Gecko) Chrome/62.0.3202.62 Safari/537.36"
::1 - - [Mon, 20 Nov 2017 05:35:30 GMT] "GET / HTTP/1.1" 304 - "http://localhost:3000/" "Mozilla/5.0 (Windows NT 6.1; WOW64) AppleWebKit/537.36 (KHTML, like Gecko) Chrome/62.0.3202.62 Safari/537.36"
::1 - - [Mon, 20 Nov 2017 05:35:30 GMT] "GET /stylesheets/style.css HTTP/1.1" 304 - "http://localhost:3000/" "Mozilla/5.0 (Windows NT 6.1; WOW64) AppleWebKit/537.36 (KHTML, like Gecko) Chrome/62.0.3202.62 Safari/537.36"
::1 - - [Mon, 20 Nov 2017 05:35:30 GMT] "GET /favicon.ico HTTP/1.1" 304 - "http://localhost:3000/" "Mozilla/5.0 (Windows NT 6.1; WOW64) AppleWebKit/537.36 (KHTML, like Gecko) Chrome/62.0.3202.62 Safari/537.36"
::1 - - [Mon, 20 Nov 2017 05:35:31 GMT] "GET /tags HTTP/1.1" 200 861 "http://localhost:3000/" "Mozilla/5.0 (Windows NT 6.1; WOW64) AppleWebKit/537.36 (KHTML, like Gecko) Chrome/62.0.3202.62 Safari/537.36"
::1 - - [Mon, 20 Nov 2017 05:35:31 GMT] "GET /stylesheets/style.css HTTP/1.1" 304 - "http://localhost:3000/tags" "Mozilla/5.0 (Windows NT 6.1; WOW64) AppleWebKit/537.36 (KHTML, like Gecko) Chrome/62.0.3202.62 Safari/537.36"
::1 - - [Mon, 20 Nov 2017 05:35:31 GMT] "GET /favicon.ico HTTP/1.1" 304 - "http://localhost:3000/tags" "Mozilla/5.0 (Windows NT 6.1; WOW64) AppleWebKit/537.36 (KHTML, like Gecko) Chrome/62.0.3202.62 Safari/537.36"
::1 - - [Mon, 20 Nov 2017 05:35:32 GMT] "GET /archive HTTP/1.1" 200 1187 "http://localhost:3000/tags" "Mozilla/5.0 (Windows NT 6.1; WOW64) AppleWebKit/537.36 (KHTML, like Gecko) Chrome/62.0.3202.62 Safari/537.36"
::1 - - [Mon, 20 Nov 2017 05:35:32 GMT] "GET /stylesheets/style.css HTTP/1.1" 304 - "http://localhost:3000/archive" "Mozilla/5.0 (Windows NT 6.1; WOW64) AppleWebKit/537.36 (KHTML, like Gecko) Chrome/62.0.3202.62 Safari/537.36"
::1 - - [Mon, 20 Nov 2017 05:35:32 GMT] "GET /favicon.ico HTTP/1.1" 304 - "http://localhost:3000/archive" "Mozilla/5.0 (Windows NT 6.1; WOW64) AppleWebKit/537.36 (KHTML, like Gecko) Chrome/62.0.3202.62 Safari/537.36"
::1 - - [Mon, 20 Nov 2017 05:35:32 GMT] "GET /links HTTP/1.1" 200 1086 "http://localhost:3000/archive" "Mozilla/5.0 (Windows NT 6.1; WOW64) AppleWebKit/537.36 (KHTML, like Gecko) Chrome/62.0.3202.62 Safari/537.36"
::1 - - [Mon, 20 Nov 2017 05:35:32 GMT] "GET /stylesheets/style.css HTTP/1.1" 304 - "http://localhost:3000/links" "Mozilla/5.0 (Windows NT 6.1; WOW64) AppleWebKit/537.36 (KHTML, like Gecko) Chrome/62.0.3202.62 Safari/537.36"
::1 - - [Mon, 20 Nov 2017 05:35:32 GMT] "GET /favicon.ico HTTP/1.1" 304 - "http://localhost:3000/links" "Mozilla/5.0 (Windows NT 6.1; WOW64) AppleWebKit/537.36 (KHTML, like Gecko) Chrome/62.0.3202.62 Safari/537.36"
::1 - - [Mon, 20 Nov 2017 05:35:33 GMT] "GET /reg HTTP/1.1" 200 1045 "http://localhost:3000/links" "Mozilla/5.0 (Windows NT 6.1; WOW64) AppleWebKit/537.36 (KHTML, like Gecko) Chrome/62.0.3202.62 Safari/537.36"
::1 - - [Mon, 20 Nov 2017 05:35:33 GMT] "GET /stylesheets/style.css HTTP/1.1" 304 - "http://localhost:3000/reg" "Mozilla/5.0 (Windows NT 6.1; WOW64) AppleWebKit/537.36 (KHTML, like Gecko) Chrome/62.0.3202.62 Safari/537.36"
::1 - - [Mon, 20 Nov 2017 05:35:33 GMT] "GET /favicon.ico HTTP/1.1" 304 - "http://localhost:3000/reg" "Mozilla/5.0 (Windows NT 6.1; WOW64) AppleWebKit/537.36 (KHTML, like Gecko) Chrome/62.0.3202.62 Safari/537.36"
::1 - - [Mon, 20 Nov 2017 05:35:34 GMT] "GET /login HTTP/1.1" 200 915 "http://localhost:3000/reg" "Mozilla/5.0 (Windows NT 6.1; WOW64) AppleWebKit/537.36 (KHTML, like Gecko) Chrome/62.0.3202.62 Safari/537.36"
::1 - - [Mon, 20 Nov 2017 05:35:34 GMT] "GET /stylesheets/style.css HTTP/1.1" 304 - "http://localhost:3000/login" "Mozilla/5.0 (Windows NT 6.1; WOW64) AppleWebKit/537.36 (KHTML, like Gecko) Chrome/62.0.3202.62 Safari/537.36"
::1 - - [Mon, 20 Nov 2017 05:35:34 GMT] "GET /favicon.ico HTTP/1.1" 304 - "http://localhost:3000/login" "Mozilla/5.0 (Windows NT 6.1; WOW64) AppleWebKit/537.36 (KHTML, like Gecko) Chrome/62.0.3202.62 Safari/537.36"
::1 - - [Mon, 20 Nov 2017 05:35:34 GMT] "GET /reg HTTP/1.1" 304 - "http://localhost:3000/login" "Mozilla/5.0 (Windows NT 6.1; WOW64) AppleWebKit/537.36 (KHTML, like Gecko) Chrome/62.0.3202.62 Safari/537.36"
::1 - - [Mon, 20 Nov 2017 05:35:34 GMT] "GET /stylesheets/style.css HTTP/1.1" 304 - "http://localhost:3000/reg" "Mozilla/5.0 (Windows NT 6.1; WOW64) AppleWebKit/537.36 (KHTML, like Gecko) Chrome/62.0.3202.62 Safari/537.36"
::1 - - [Mon, 20 Nov 2017 05:35:34 GMT] "GET /favicon.ico HTTP/1.1" 304 - "http://localhost:3000/reg" "Mozilla/5.0 (Windows NT 6.1; WOW64) AppleWebKit/537.36 (KHTML, like Gecko) Chrome/62.0.3202.62 Safari/537.36"
::1 - - [Mon, 20 Nov 2017 05:35:35 GMT] "GET /login HTTP/1.1" 304 - "http://localhost:3000/reg" "Mozilla/5.0 (Windows NT 6.1; WOW64) AppleWebKit/537.36 (KHTML, like Gecko) Chrome/62.0.3202.62 Safari/537.36"
::1 - - [Mon, 20 Nov 2017 05:35:35 GMT] "GET /stylesheets/style.css HTTP/1.1" 304 - "http://localhost:3000/login" "Mozilla/5.0 (Windows NT 6.1; WOW64) AppleWebKit/537.36 (KHTML, like Gecko) Chrome/62.0.3202.62 Safari/537.36"
::1 - - [Mon, 20 Nov 2017 05:35:35 GMT] "GET /favicon.ico HTTP/1.1" 304 - "http://localhost:3000/login" "Mozilla/5.0 (Windows NT 6.1; WOW64) AppleWebKit/537.36 (KHTML, like Gecko) Chrome/62.0.3202.62 Safari/537.36"
::1 - - [Mon, 20 Nov 2017 05:35:36 GMT] "GET /links HTTP/1.1" 304 - "http://localhost:3000/login" "Mozilla/5.0 (Windows NT 6.1; WOW64) AppleWebKit/537.36 (KHTML, like Gecko) Chrome/62.0.3202.62 Safari/537.36"
::1 - - [Mon, 20 Nov 2017 05:35:36 GMT] "GET /stylesheets/style.css HTTP/1.1" 304 - "http://localhost:3000/links" "Mozilla/5.0 (Windows NT 6.1; WOW64) AppleWebKit/537.36 (KHTML, like Gecko) Chrome/62.0.3202.62 Safari/537.36"
::1 - - [Mon, 20 Nov 2017 05:35:36 GMT] "GET /favicon.ico HTTP/1.1" 304 - "http://localhost:3000/links" "Mozilla/5.0 (Windows NT 6.1; WOW64) AppleWebKit/537.36 (KHTML, like Gecko) Chrome/62.0.3202.62 Safari/537.36"
::1 - - [Mon, 20 Nov 2017 05:35:38 GMT] "GET /tags HTTP/1.1" 304 - "http://localhost:3000/links" "Mozilla/5.0 (Windows NT 6.1; WOW64) AppleWebKit/537.36 (KHTML, like Gecko) Chrome/62.0.3202.62 Safari/537.36"
::1 - - [Mon, 20 Nov 2017 05:35:38 GMT] "GET /stylesheets/style.css HTTP/1.1" 304 - "http://localhost:3000/tags" "Mozilla/5.0 (Windows NT 6.1; WOW64) AppleWebKit/537.36 (KHTML, like Gecko) Chrome/62.0.3202.62 Safari/537.36"
::1 - - [Mon, 20 Nov 2017 05:35:38 GMT] "GET /favicon.ico HTTP/1.1" 304 - "http://localhost:3000/tags" "Mozilla/5.0 (Windows NT 6.1; WOW64) AppleWebKit/537.36 (KHTML, like Gecko) Chrome/62.0.3202.62 Safari/537.36"
::1 - - [Mon, 20 Nov 2017 05:35:39 GMT] "GET /archive HTTP/1.1" 304 - "http://localhost:3000/tags" "Mozilla/5.0 (Windows NT 6.1; WOW64) AppleWebKit/537.36 (KHTML, like Gecko) Chrome/62.0.3202.62 Safari/537.36"
::1 - - [Mon, 20 Nov 2017 05:35:39 GMT] "GET /stylesheets/style.css HTTP/1.1" 304 - "http://localhost:3000/archive" "Mozilla/5.0 (Windows NT 6.1; WOW64) AppleWebKit/537.36 (KHTML, like Gecko) Chrome/62.0.3202.62 Safari/537.36"
::1 - - [Mon, 20 Nov 2017 05:35:39 GMT] "GET /favicon.ico HTTP/1.1" 304 - "http://localhost:3000/archive" "Mozilla/5.0 (Windows NT 6.1; WOW64) AppleWebKit/537.36 (KHTML, like Gecko) Chrome/62.0.3202.62 Safari/537.36"
::1 - - [Mon, 20 Nov 2017 05:35:40 GMT] "GET / HTTP/1.1" 304 - "http://localhost:3000/archive" "Mozilla/5.0 (Windows NT 6.1; WOW64) AppleWebKit/537.36 (KHTML, like Gecko) Chrome/62.0.3202.62 Safari/537.36"
::1 - - [Mon, 20 Nov 2017 05:35:40 GMT] "GET /stylesheets/style.css HTTP/1.1" 304 - "http://localhost:3000/" "Mozilla/5.0 (Windows NT 6.1; WOW64) AppleWebKit/537.36 (KHTML, like Gecko) Chrome/62.0.3202.62 Safari/537.36"
::1 - - [Mon, 20 Nov 2017 05:35:40 GMT] "GET /favicon.ico HTTP/1.1" 304 - "http://localhost:3000/" "Mozilla/5.0 (Windows NT 6.1; WOW64) AppleWebKit/537.36 (KHTML, like Gecko) Chrome/62.0.3202.62 Safari/537.36"
::1 - - [Mon, 20 Nov 2017 05:35:42 GMT] "GET /u/ljy/2017-829/1 HTTP/1.1" 200 1376 "http://localhost:3000/" "Mozilla/5.0 (Windows NT 6.1; WOW64) AppleWebKit/537.36 (KHTML, like Gecko) Chrome/62.0.3202.62 Safari/537.36"
::1 - - [Mon, 20 Nov 2017 05:35:42 GMT] "GET /stylesheets/style.css HTTP/1.1" 304 - "http://localhost:3000/u/ljy/2017-829/1" "Mozilla/5.0 (Windows NT 6.1; WOW64) AppleWebKit/537.36 (KHTML, like Gecko) Chrome/62.0.3202.62 Safari/537.36"
::1 - - [Mon, 20 Nov 2017 05:35:42 GMT] "GET /favicon.ico HTTP/1.1" 304 - "http://localhost:3000/u/ljy/2017-829/1" "Mozilla/5.0 (Windows NT 6.1; WOW64) AppleWebKit/537.36 (KHTML, like Gecko) Chrome/62.0.3202.62 Safari/537.36"
::1 - - [Mon, 20 Nov 2017 05:35:45 GMT] "GET /favicon.ico HTTP/1.1" 304 - "http://localhost:3000/" "Mozilla/5.0 (Windows NT 6.1; WOW64) AppleWebKit/537.36 (KHTML, like Gecko) Chrome/62.0.3202.62 Safari/537.36"
